The system is: Linux - 3.10.0-1160.108.1.el7.x86_64 - x86_64
Compiling the C compiler identification source file "CMakeCCompilerId.c" succeeded.
Compiler: /usr/bin/cc 
Build flags: 
Id flags:  

The output was:
0


Compilation of the C compiler identification source "CMakeCCompilerId.c" produced "a.out"

The C compiler identification is GNU, found in "/home/jushan/桌面/ChatRoom/build/CMakeFiles/3.14.5/CompilerIdC/a.out"

Compiling the CXX compiler identification source file "CMakeCXXCompilerId.cpp" succeeded.
Compiler: /usr/bin/c++ 
Build flags: 
Id flags:  

The output was:
0


Compilation of the CXX compiler identification source "CMakeCXXCompilerId.cpp" produced "a.out"

The CXX compiler identification is GNU, found in "/home/jushan/桌面/ChatRoom/build/CMakeFiles/3.14.5/CompilerIdCXX/a.out"

Determining if the C compiler works passed with the following output:
Change Dir: /home/jushan/桌面/ChatRoom/build/CMakeFiles/CMakeTmp

Run Build Command(s):/usr/bin/gmake cmTC_bfac2/fast 
/usr/bin/gmake -f CMakeFiles/cmTC_bfac2.dir/build.make CMakeFiles/cmTC_bfac2.dir/build
gmake[1]: 进入目录“/home/jushan/桌面/ChatRoom/build/CMakeFiles/CMakeTmp”
Building C object CMakeFiles/cmTC_bfac2.dir/testCCompiler.c.o
/usr/bin/cc    -o CMakeFiles/cmTC_bfac2.dir/testCCompiler.c.o   -c /home/jushan/桌面/ChatRoom/build/CMakeFiles/CMakeTmp/testCCompiler.c
Linking C executable cmTC_bfac2
/opt/cmake/cmake-3.14.5/bin/cmake -E cmake_link_script CMakeFiles/cmTC_bfac2.dir/link.txt --verbose=1
/usr/bin/cc      -rdynamic CMakeFiles/cmTC_bfac2.dir/testCCompiler.c.o  -o cmTC_bfac2 
gmake[1]: 离开目录“/home/jushan/桌面/ChatRoom/build/CMakeFiles/CMakeTmp”


Detecting C compiler ABI info compiled with the following output:
Change Dir: /home/jushan/桌面/ChatRoom/build/CMakeFiles/CMakeTmp

Run Build Command(s):/usr/bin/gmake cmTC_edc99/fast 
/usr/bin/gmake -f CMakeFiles/cmTC_edc99.dir/build.make CMakeFiles/cmTC_edc99.dir/build
gmake[1]: Entering directory `/home/jushan/桌面/ChatRoom/build/CMakeFiles/CMakeTmp'
Building C object CMakeFiles/cmTC_edc99.dir/CMakeCCompilerABI.c.o
/usr/bin/cc   -v -o CMakeFiles/cmTC_edc99.dir/CMakeCCompilerABI.c.o   -c /opt/cmake/cmake-3.14.5/Modules/CMakeCCompilerABI.c
Using built-in specs.
COLLECT_GCC=/usr/bin/cc
Target: x86_64-redhat-linux
Configured with: ../configure --prefix=/usr --mandir=/usr/share/man --infodir=/usr/share/info --with-bugurl=http://bugzilla.redhat.com/bugzilla --enable-bootstrap --enable-shared --enable-threads=posix --enable-checking=release --with-system-zlib --enable-__cxa_atexit --disable-libunwind-exceptions --enable-gnu-unique-object --enable-linker-build-id --with-linker-hash-style=gnu --enable-languages=c,c++,objc,obj-c++,java,fortran,ada,go,lto --enable-plugin --enable-initfini-array --disable-libgcj --with-isl=/builddir/build/BUILD/gcc-4.8.5-20150702/obj-x86_64-redhat-linux/isl-install --with-cloog=/builddir/build/BUILD/gcc-4.8.5-20150702/obj-x86_64-redhat-linux/cloog-install --enable-gnu-indirect-function --with-tune=generic --with-arch_32=x86-64 --build=x86_64-redhat-linux
Thread model: posix
gcc version 4.8.5 20150623 (Red Hat 4.8.5-44) (GCC) 
COLLECT_GCC_OPTIONS='-v' '-o' 'CMakeFiles/cmTC_edc99.dir/CMakeCCompilerABI.c.o' '-c' '-mtune=generic' '-march=x86-64'
 /usr/libexec/gcc/x86_64-redhat-linux/4.8.5/cc1 -quiet -v /opt/cmake/cmake-3.14.5/Modules/CMakeCCompilerABI.c -quiet -dumpbase CMakeCCompilerABI.c -mtune=generic -march=x86-64 -auxbase-strip CMakeFiles/cmTC_edc99.dir/CMakeCCompilerABI.c.o -version -o /tmp/ccyc51Mm.s
GNU C (GCC) version 4.8.5 20150623 (Red Hat 4.8.5-44) (x86_64-redhat-linux)
	compiled by GNU C version 4.8.5 20150623 (Red Hat 4.8.5-44), GMP version 6.0.0, MPFR version 3.1.1, MPC version 1.0.1
GGC heuristics: --param ggc-min-expand=100 --param ggc-min-heapsize=131072
ignoring nonexistent directory "/usr/lib/gcc/x86_64-redhat-linux/4.8.5/include-fixed"
ignoring nonexistent directory "/usr/lib/gcc/x86_64-redhat-linux/4.8.5/../../../../x86_64-redhat-linux/include"
#include "..." search starts here:
#include <...> search starts here:
 /usr/lib/gcc/x86_64-redhat-linux/4.8.5/include
 /usr/local/include
 /usr/include
End of search list.
GNU C (GCC) version 4.8.5 20150623 (Red Hat 4.8.5-44) (x86_64-redhat-linux)
	compiled by GNU C version 4.8.5 20150623 (Red Hat 4.8.5-44), GMP version 6.0.0, MPFR version 3.1.1, MPC version 1.0.1
GGC heuristics: --param ggc-min-expand=100 --param ggc-min-heapsize=131072
Compiler executable checksum: 231b3394950636dbfe0428e88716bc73
COLLECT_GCC_OPTIONS='-v' '-o' 'CMakeFiles/cmTC_edc99.dir/CMakeCCompilerABI.c.o' '-c' '-mtune=generic' '-march=x86-64'
 as -v --64 -o CMakeFiles/cmTC_edc99.dir/CMakeCCompilerABI.c.o /tmp/ccyc51Mm.s
GNU assembler version 2.27 (x86_64-redhat-linux) using BFD version version 2.27-44.base.el7_9.1
COMPILER_PATH=/usr/libexec/gcc/x86_64-redhat-linux/4.8.5/:/usr/libexec/gcc/x86_64-redhat-linux/4.8.5/:/usr/libexec/gcc/x86_64-redhat-linux/:/usr/lib/gcc/x86_64-redhat-linux/4.8.5/:/usr/lib/gcc/x86_64-redhat-linux/
LIBRARY_PATH=/usr/lib/gcc/x86_64-redhat-linux/4.8.5/:/usr/lib/gcc/x86_64-redhat-linux/4.8.5/../../../../lib64/:/lib/../lib64/:/usr/lib/../lib64/:/usr/lib/gcc/x86_64-redhat-linux/4.8.5/../../../:/lib/:/usr/lib/
COLLECT_GCC_OPTIONS='-v' '-o' 'CMakeFiles/cmTC_edc99.dir/CMakeCCompilerABI.c.o' '-c' '-mtune=generic' '-march=x86-64'
Linking C executable cmTC_edc99
/opt/cmake/cmake-3.14.5/bin/cmake -E cmake_link_script CMakeFiles/cmTC_edc99.dir/link.txt --verbose=1
/usr/bin/cc     -v -rdynamic CMakeFiles/cmTC_edc99.dir/CMakeCCompilerABI.c.o  -o cmTC_edc99 
Using built-in specs.
COLLECT_GCC=/usr/bin/cc
COLLECT_LTO_WRAPPER=/usr/libexec/gcc/x86_64-redhat-linux/4.8.5/lto-wrapper
Target: x86_64-redhat-linux
Configured with: ../configure --prefix=/usr --mandir=/usr/share/man --infodir=/usr/share/info --with-bugurl=http://bugzilla.redhat.com/bugzilla --enable-bootstrap --enable-shared --enable-threads=posix --enable-checking=release --with-system-zlib --enable-__cxa_atexit --disable-libunwind-exceptions --enable-gnu-unique-object --enable-linker-build-id --with-linker-hash-style=gnu --enable-languages=c,c++,objc,obj-c++,java,fortran,ada,go,lto --enable-plugin --enable-initfini-array --disable-libgcj --with-isl=/builddir/build/BUILD/gcc-4.8.5-20150702/obj-x86_64-redhat-linux/isl-install --with-cloog=/builddir/build/BUILD/gcc-4.8.5-20150702/obj-x86_64-redhat-linux/cloog-install --enable-gnu-indirect-function --with-tune=generic --with-arch_32=x86-64 --build=x86_64-redhat-linux
Thread model: posix
gcc version 4.8.5 20150623 (Red Hat 4.8.5-44) (GCC) 
COMPILER_PATH=/usr/libexec/gcc/x86_64-redhat-linux/4.8.5/:/usr/libexec/gcc/x86_64-redhat-linux/4.8.5/:/usr/libexec/gcc/x86_64-redhat-linux/:/usr/lib/gcc/x86_64-redhat-linux/4.8.5/:/usr/lib/gcc/x86_64-redhat-linux/
LIBRARY_PATH=/usr/lib/gcc/x86_64-redhat-linux/4.8.5/:/usr/lib/gcc/x86_64-redhat-linux/4.8.5/../../../../lib64/:/lib/../lib64/:/usr/lib/../lib64/:/usr/lib/gcc/x86_64-redhat-linux/4.8.5/../../../:/lib/:/usr/lib/
COLLECT_GCC_OPTIONS='-v' '-rdynamic' '-o' 'cmTC_edc99' '-mtune=generic' '-march=x86-64'
 /usr/libexec/gcc/x86_64-redhat-linux/4.8.5/collect2 --build-id --no-add-needed --eh-frame-hdr --hash-style=gnu -m elf_x86_64 -export-dynamic -dynamic-linker /lib64/ld-linux-x86-64.so.2 -o cmTC_edc99 /usr/lib/gcc/x86_64-redhat-linux/4.8.5/../../../../lib64/crt1.o /usr/lib/gcc/x86_64-redhat-linux/4.8.5/../../../../lib64/crti.o /usr/lib/gcc/x86_64-redhat-linux/4.8.5/crtbegin.o -L/usr/lib/gcc/x86_64-redhat-linux/4.8.5 -L/usr/lib/gcc/x86_64-redhat-linux/4.8.5/../../../../lib64 -L/lib/../lib64 -L/usr/lib/../lib64 -L/usr/lib/gcc/x86_64-redhat-linux/4.8.5/../../.. CMakeFiles/cmTC_edc99.dir/CMakeCCompilerABI.c.o -lgcc --as-needed -lgcc_s --no-as-needed -lc -lgcc --as-needed -lgcc_s --no-as-needed /usr/lib/gcc/x86_64-redhat-linux/4.8.5/crtend.o /usr/lib/gcc/x86_64-redhat-linux/4.8.5/../../../../lib64/crtn.o
gmake[1]: Leaving directory `/home/jushan/桌面/ChatRoom/build/CMakeFiles/CMakeTmp'


Parsed C implicit include dir info from above output: rv=done
  found start of include info
  found start of implicit include info
    add: [/usr/lib/gcc/x86_64-redhat-linux/4.8.5/include]
    add: [/usr/local/include]
    add: [/usr/include]
  end of search list found
  collapse include dir [/usr/lib/gcc/x86_64-redhat-linux/4.8.5/include] ==> [/usr/lib/gcc/x86_64-redhat-linux/4.8.5/include]
  collapse include dir [/usr/local/include] ==> [/usr/local/include]
  collapse include dir [/usr/include] ==> [/usr/include]
  implicit include dirs: [/usr/lib/gcc/x86_64-redhat-linux/4.8.5/include;/usr/local/include;/usr/include]


Parsed C implicit link information from above output:
  link line regex: [^( *|.*[/\])(ld|CMAKE_LINK_STARTFILE-NOTFOUND|([^/\]+-)?ld|collect2)[^/\]*( |$)]
  ignore line: [Change Dir: /home/jushan/桌面/ChatRoom/build/CMakeFiles/CMakeTmp]
  ignore line: []
  ignore line: [Run Build Command(s):/usr/bin/gmake cmTC_edc99/fast ]
  ignore line: [/usr/bin/gmake -f CMakeFiles/cmTC_edc99.dir/build.make CMakeFiles/cmTC_edc99.dir/build]
  ignore line: [gmake[1]: Entering directory `/home/jushan/桌面/ChatRoom/build/CMakeFiles/CMakeTmp']
  ignore line: [Building C object CMakeFiles/cmTC_edc99.dir/CMakeCCompilerABI.c.o]
  ignore line: [/usr/bin/cc   -v -o CMakeFiles/cmTC_edc99.dir/CMakeCCompilerABI.c.o   -c /opt/cmake/cmake-3.14.5/Modules/CMakeCCompilerABI.c]
  ignore line: [Using built-in specs.]
  ignore line: [COLLECT_GCC=/usr/bin/cc]
  ignore line: [Target: x86_64-redhat-linux]
  ignore line: [Configured with: ../configure --prefix=/usr --mandir=/usr/share/man --infodir=/usr/share/info --with-bugurl=http://bugzilla.redhat.com/bugzilla --enable-bootstrap --enable-shared --enable-threads=posix --enable-checking=release --with-system-zlib --enable-__cxa_atexit --disable-libunwind-exceptions --enable-gnu-unique-object --enable-linker-build-id --with-linker-hash-style=gnu --enable-languages=c,c++,objc,obj-c++,java,fortran,ada,go,lto --enable-plugin --enable-initfini-array --disable-libgcj --with-isl=/builddir/build/BUILD/gcc-4.8.5-20150702/obj-x86_64-redhat-linux/isl-install --with-cloog=/builddir/build/BUILD/gcc-4.8.5-20150702/obj-x86_64-redhat-linux/cloog-install --enable-gnu-indirect-function --with-tune=generic --with-arch_32=x86-64 --build=x86_64-redhat-linux]
  ignore line: [Thread model: posix]
  ignore line: [gcc version 4.8.5 20150623 (Red Hat 4.8.5-44) (GCC) ]
  ignore line: [COLLECT_GCC_OPTIONS='-v' '-o' 'CMakeFiles/cmTC_edc99.dir/CMakeCCompilerABI.c.o' '-c' '-mtune=generic' '-march=x86-64']
  ignore line: [ /usr/libexec/gcc/x86_64-redhat-linux/4.8.5/cc1 -quiet -v /opt/cmake/cmake-3.14.5/Modules/CMakeCCompilerABI.c -quiet -dumpbase CMakeCCompilerABI.c -mtune=generic -march=x86-64 -auxbase-strip CMakeFiles/cmTC_edc99.dir/CMakeCCompilerABI.c.o -version -o /tmp/ccyc51Mm.s]
  ignore line: [GNU C (GCC) version 4.8.5 20150623 (Red Hat 4.8.5-44) (x86_64-redhat-linux)]
  ignore line: [	compiled by GNU C version 4.8.5 20150623 (Red Hat 4.8.5-44), GMP version 6.0.0, MPFR version 3.1.1, MPC version 1.0.1]
  ignore line: [GGC heuristics: --param ggc-min-expand=100 --param ggc-min-heapsize=131072]
  ignore line: [ignoring nonexistent directory "/usr/lib/gcc/x86_64-redhat-linux/4.8.5/include-fixed"]
  ignore line: [ignoring nonexistent directory "/usr/lib/gcc/x86_64-redhat-linux/4.8.5/../../../../x86_64-redhat-linux/include"]
  ignore line: [#include "..." search starts here:]
  ignore line: [#include <...> search starts here:]
  ignore line: [ /usr/lib/gcc/x86_64-redhat-linux/4.8.5/include]
  ignore line: [ /usr/local/include]
  ignore line: [ /usr/include]
  ignore line: [End of search list.]
  ignore line: [GNU C (GCC) version 4.8.5 20150623 (Red Hat 4.8.5-44) (x86_64-redhat-linux)]
  ignore line: [	compiled by GNU C version 4.8.5 20150623 (Red Hat 4.8.5-44), GMP version 6.0.0, MPFR version 3.1.1, MPC version 1.0.1]
  ignore line: [GGC heuristics: --param ggc-min-expand=100 --param ggc-min-heapsize=131072]
  ignore line: [Compiler executable checksum: 231b3394950636dbfe0428e88716bc73]
  ignore line: [COLLECT_GCC_OPTIONS='-v' '-o' 'CMakeFiles/cmTC_edc99.dir/CMakeCCompilerABI.c.o' '-c' '-mtune=generic' '-march=x86-64']
  ignore line: [ as -v --64 -o CMakeFiles/cmTC_edc99.dir/CMakeCCompilerABI.c.o /tmp/ccyc51Mm.s]
  ignore line: [GNU assembler version 2.27 (x86_64-redhat-linux) using BFD version version 2.27-44.base.el7_9.1]
  ignore line: [COMPILER_PATH=/usr/libexec/gcc/x86_64-redhat-linux/4.8.5/:/usr/libexec/gcc/x86_64-redhat-linux/4.8.5/:/usr/libexec/gcc/x86_64-redhat-linux/:/usr/lib/gcc/x86_64-redhat-linux/4.8.5/:/usr/lib/gcc/x86_64-redhat-linux/]
  ignore line: [LIBRARY_PATH=/usr/lib/gcc/x86_64-redhat-linux/4.8.5/:/usr/lib/gcc/x86_64-redhat-linux/4.8.5/../../../../lib64/:/lib/../lib64/:/usr/lib/../lib64/:/usr/lib/gcc/x86_64-redhat-linux/4.8.5/../../../:/lib/:/usr/lib/]
  ignore line: [COLLECT_GCC_OPTIONS='-v' '-o' 'CMakeFiles/cmTC_edc99.dir/CMakeCCompilerABI.c.o' '-c' '-mtune=generic' '-march=x86-64']
  ignore line: [Linking C executable cmTC_edc99]
  ignore line: [/opt/cmake/cmake-3.14.5/bin/cmake -E cmake_link_script CMakeFiles/cmTC_edc99.dir/link.txt --verbose=1]
  ignore line: [/usr/bin/cc     -v -rdynamic CMakeFiles/cmTC_edc99.dir/CMakeCCompilerABI.c.o  -o cmTC_edc99 ]
  ignore line: [Using built-in specs.]
  ignore line: [COLLECT_GCC=/usr/bin/cc]
  ignore line: [COLLECT_LTO_WRAPPER=/usr/libexec/gcc/x86_64-redhat-linux/4.8.5/lto-wrapper]
  ignore line: [Target: x86_64-redhat-linux]
  ignore line: [Configured with: ../configure --prefix=/usr --mandir=/usr/share/man --infodir=/usr/share/info --with-bugurl=http://bugzilla.redhat.com/bugzilla --enable-bootstrap --enable-shared --enable-threads=posix --enable-checking=release --with-system-zlib --enable-__cxa_atexit --disable-libunwind-exceptions --enable-gnu-unique-object --enable-linker-build-id --with-linker-hash-style=gnu --enable-languages=c,c++,objc,obj-c++,java,fortran,ada,go,lto --enable-plugin --enable-initfini-array --disable-libgcj --with-isl=/builddir/build/BUILD/gcc-4.8.5-20150702/obj-x86_64-redhat-linux/isl-install --with-cloog=/builddir/build/BUILD/gcc-4.8.5-20150702/obj-x86_64-redhat-linux/cloog-install --enable-gnu-indirect-function --with-tune=generic --with-arch_32=x86-64 --build=x86_64-redhat-linux]
  ignore line: [Thread model: posix]
  ignore line: [gcc version 4.8.5 20150623 (Red Hat 4.8.5-44) (GCC) ]
  ignore line: [COMPILER_PATH=/usr/libexec/gcc/x86_64-redhat-linux/4.8.5/:/usr/libexec/gcc/x86_64-redhat-linux/4.8.5/:/usr/libexec/gcc/x86_64-redhat-linux/:/usr/lib/gcc/x86_64-redhat-linux/4.8.5/:/usr/lib/gcc/x86_64-redhat-linux/]
  ignore line: [LIBRARY_PATH=/usr/lib/gcc/x86_64-redhat-linux/4.8.5/:/usr/lib/gcc/x86_64-redhat-linux/4.8.5/../../../../lib64/:/lib/../lib64/:/usr/lib/../lib64/:/usr/lib/gcc/x86_64-redhat-linux/4.8.5/../../../:/lib/:/usr/lib/]
  ignore line: [COLLECT_GCC_OPTIONS='-v' '-rdynamic' '-o' 'cmTC_edc99' '-mtune=generic' '-march=x86-64']
  link line: [ /usr/libexec/gcc/x86_64-redhat-linux/4.8.5/collect2 --build-id --no-add-needed --eh-frame-hdr --hash-style=gnu -m elf_x86_64 -export-dynamic -dynamic-linker /lib64/ld-linux-x86-64.so.2 -o cmTC_edc99 /usr/lib/gcc/x86_64-redhat-linux/4.8.5/../../../../lib64/crt1.o /usr/lib/gcc/x86_64-redhat-linux/4.8.5/../../../../lib64/crti.o /usr/lib/gcc/x86_64-redhat-linux/4.8.5/crtbegin.o -L/usr/lib/gcc/x86_64-redhat-linux/4.8.5 -L/usr/lib/gcc/x86_64-redhat-linux/4.8.5/../../../../lib64 -L/lib/../lib64 -L/usr/lib/../lib64 -L/usr/lib/gcc/x86_64-redhat-linux/4.8.5/../../.. CMakeFiles/cmTC_edc99.dir/CMakeCCompilerABI.c.o -lgcc --as-needed -lgcc_s --no-as-needed -lc -lgcc --as-needed -lgcc_s --no-as-needed /usr/lib/gcc/x86_64-redhat-linux/4.8.5/crtend.o /usr/lib/gcc/x86_64-redhat-linux/4.8.5/../../../../lib64/crtn.o]
    arg [/usr/libexec/gcc/x86_64-redhat-linux/4.8.5/collect2] ==> ignore
    arg [--build-id] ==> ignore
    arg [--no-add-needed] ==> ignore
    arg [--eh-frame-hdr] ==> ignore
    arg [--hash-style=gnu] ==> ignore
    arg [-m] ==> ignore
    arg [elf_x86_64] ==> ignore
    arg [-export-dynamic] ==> ignore
    arg [-dynamic-linker] ==> ignore
    arg [/lib64/ld-linux-x86-64.so.2] ==> ignore
    arg [-o] ==> ignore
    arg [cmTC_edc99] ==> ignore
    arg [/usr/lib/gcc/x86_64-redhat-linux/4.8.5/../../../../lib64/crt1.o] ==> ignore
    arg [/usr/lib/gcc/x86_64-redhat-linux/4.8.5/../../../../lib64/crti.o] ==> ignore
    arg [/usr/lib/gcc/x86_64-redhat-linux/4.8.5/crtbegin.o] ==> ignore
    arg [-L/usr/lib/gcc/x86_64-redhat-linux/4.8.5] ==> dir [/usr/lib/gcc/x86_64-redhat-linux/4.8.5]
    arg [-L/usr/lib/gcc/x86_64-redhat-linux/4.8.5/../../../../lib64] ==> dir [/usr/lib/gcc/x86_64-redhat-linux/4.8.5/../../../../lib64]
    arg [-L/lib/../lib64] ==> dir [/lib/../lib64]
    arg [-L/usr/lib/../lib64] ==> dir [/usr/lib/../lib64]
    arg [-L/usr/lib/gcc/x86_64-redhat-linux/4.8.5/../../..] ==> dir [/usr/lib/gcc/x86_64-redhat-linux/4.8.5/../../..]
    arg [CMakeFiles/cmTC_edc99.dir/CMakeCCompilerABI.c.o] ==> ignore
    arg [-lgcc] ==> lib [gcc]
    arg [--as-needed] ==> ignore
    arg [-lgcc_s] ==> lib [gcc_s]
    arg [--no-as-needed] ==> ignore
    arg [-lc] ==> lib [c]
    arg [-lgcc] ==> lib [gcc]
    arg [--as-needed] ==> ignore
    arg [-lgcc_s] ==> lib [gcc_s]
    arg [--no-as-needed] ==> ignore
    arg [/usr/lib/gcc/x86_64-redhat-linux/4.8.5/crtend.o] ==> ignore
    arg [/usr/lib/gcc/x86_64-redhat-linux/4.8.5/../../../../lib64/crtn.o] ==> ignore
  collapse library dir [/usr/lib/gcc/x86_64-redhat-linux/4.8.5] ==> [/usr/lib/gcc/x86_64-redhat-linux/4.8.5]
  collapse library dir [/usr/lib/gcc/x86_64-redhat-linux/4.8.5/../../../../lib64] ==> [/usr/lib64]
  collapse library dir [/lib/../lib64] ==> [/lib64]
  collapse library dir [/usr/lib/../lib64] ==> [/usr/lib64]
  collapse library dir [/usr/lib/gcc/x86_64-redhat-linux/4.8.5/../../..] ==> [/usr/lib]
  implicit libs: [gcc;gcc_s;c;gcc;gcc_s]
  implicit dirs: [/usr/lib/gcc/x86_64-redhat-linux/4.8.5;/usr/lib64;/lib64;/usr/lib]
  implicit fwks: []




Detecting C [-std=c11] compiler features compiled with the following output:
Change Dir: /home/jushan/桌面/ChatRoom/build/CMakeFiles/CMakeTmp

Run Build Command(s):/usr/bin/gmake cmTC_321bf/fast 
/usr/bin/gmake -f CMakeFiles/cmTC_321bf.dir/build.make CMakeFiles/cmTC_321bf.dir/build
gmake[1]: 进入目录“/home/jushan/桌面/ChatRoom/build/CMakeFiles/CMakeTmp”
Building C object CMakeFiles/cmTC_321bf.dir/feature_tests.c.o
/usr/bin/cc   -std=c11 -o CMakeFiles/cmTC_321bf.dir/feature_tests.c.o   -c /home/jushan/桌面/ChatRoom/build/CMakeFiles/feature_tests.c
Linking C executable cmTC_321bf
/opt/cmake/cmake-3.14.5/bin/cmake -E cmake_link_script CMakeFiles/cmTC_321bf.dir/link.txt --verbose=1
/usr/bin/cc      -rdynamic CMakeFiles/cmTC_321bf.dir/feature_tests.c.o  -o cmTC_321bf 
gmake[1]: 离开目录“/home/jushan/桌面/ChatRoom/build/CMakeFiles/CMakeTmp”


    Feature record: C_FEATURE:1c_function_prototypes
    Feature record: C_FEATURE:1c_restrict
    Feature record: C_FEATURE:1c_static_assert
    Feature record: C_FEATURE:1c_variadic_macros


Detecting C [-std=c99] compiler features compiled with the following output:
Change Dir: /home/jushan/桌面/ChatRoom/build/CMakeFiles/CMakeTmp

Run Build Command(s):/usr/bin/gmake cmTC_d1170/fast 
/usr/bin/gmake -f CMakeFiles/cmTC_d1170.dir/build.make CMakeFiles/cmTC_d1170.dir/build
gmake[1]: 进入目录“/home/jushan/桌面/ChatRoom/build/CMakeFiles/CMakeTmp”
Building C object CMakeFiles/cmTC_d1170.dir/feature_tests.c.o
/usr/bin/cc   -std=c99 -o CMakeFiles/cmTC_d1170.dir/feature_tests.c.o   -c /home/jushan/桌面/ChatRoom/build/CMakeFiles/feature_tests.c
Linking C executable cmTC_d1170
/opt/cmake/cmake-3.14.5/bin/cmake -E cmake_link_script CMakeFiles/cmTC_d1170.dir/link.txt --verbose=1
/usr/bin/cc      -rdynamic CMakeFiles/cmTC_d1170.dir/feature_tests.c.o  -o cmTC_d1170 
gmake[1]: 离开目录“/home/jushan/桌面/ChatRoom/build/CMakeFiles/CMakeTmp”


    Feature record: C_FEATURE:1c_function_prototypes
    Feature record: C_FEATURE:1c_restrict
    Feature record: C_FEATURE:0c_static_assert
    Feature record: C_FEATURE:1c_variadic_macros


Detecting C [-std=c90] compiler features compiled with the following output:
Change Dir: /home/jushan/桌面/ChatRoom/build/CMakeFiles/CMakeTmp

Run Build Command(s):/usr/bin/gmake cmTC_40ac9/fast 
/usr/bin/gmake -f CMakeFiles/cmTC_40ac9.dir/build.make CMakeFiles/cmTC_40ac9.dir/build
gmake[1]: 进入目录“/home/jushan/桌面/ChatRoom/build/CMakeFiles/CMakeTmp”
Building C object CMakeFiles/cmTC_40ac9.dir/feature_tests.c.o
/usr/bin/cc   -std=c90 -o CMakeFiles/cmTC_40ac9.dir/feature_tests.c.o   -c /home/jushan/桌面/ChatRoom/build/CMakeFiles/feature_tests.c
Linking C executable cmTC_40ac9
/opt/cmake/cmake-3.14.5/bin/cmake -E cmake_link_script CMakeFiles/cmTC_40ac9.dir/link.txt --verbose=1
/usr/bin/cc      -rdynamic CMakeFiles/cmTC_40ac9.dir/feature_tests.c.o  -o cmTC_40ac9 
gmake[1]: 离开目录“/home/jushan/桌面/ChatRoom/build/CMakeFiles/CMakeTmp”


    Feature record: C_FEATURE:1c_function_prototypes
    Feature record: C_FEATURE:0c_restrict
    Feature record: C_FEATURE:0c_static_assert
    Feature record: C_FEATURE:0c_variadic_macros
Determining if the CXX compiler works passed with the following output:
Change Dir: /home/jushan/桌面/ChatRoom/build/CMakeFiles/CMakeTmp

Run Build Command(s):/usr/bin/gmake cmTC_b8836/fast 
/usr/bin/gmake -f CMakeFiles/cmTC_b8836.dir/build.make CMakeFiles/cmTC_b8836.dir/build
gmake[1]: 进入目录“/home/jushan/桌面/ChatRoom/build/CMakeFiles/CMakeTmp”
Building CXX object CMakeFiles/cmTC_b8836.dir/testCXXCompiler.cxx.o
/usr/bin/c++     -o CMakeFiles/cmTC_b8836.dir/testCXXCompiler.cxx.o -c /home/jushan/桌面/ChatRoom/build/CMakeFiles/CMakeTmp/testCXXCompiler.cxx
Linking CXX executable cmTC_b8836
/opt/cmake/cmake-3.14.5/bin/cmake -E cmake_link_script CMakeFiles/cmTC_b8836.dir/link.txt --verbose=1
/usr/bin/c++       -rdynamic CMakeFiles/cmTC_b8836.dir/testCXXCompiler.cxx.o  -o cmTC_b8836 
gmake[1]: 离开目录“/home/jushan/桌面/ChatRoom/build/CMakeFiles/CMakeTmp”


Detecting CXX compiler ABI info compiled with the following output:
Change Dir: /home/jushan/桌面/ChatRoom/build/CMakeFiles/CMakeTmp

Run Build Command(s):/usr/bin/gmake cmTC_244dc/fast 
/usr/bin/gmake -f CMakeFiles/cmTC_244dc.dir/build.make CMakeFiles/cmTC_244dc.dir/build
gmake[1]: Entering directory `/home/jushan/桌面/ChatRoom/build/CMakeFiles/CMakeTmp'
Building CXX object CMakeFiles/cmTC_244dc.dir/CMakeCXXCompilerABI.cpp.o
/usr/bin/c++    -v -o CMakeFiles/cmTC_244dc.dir/CMakeCXXCompilerABI.cpp.o -c /opt/cmake/cmake-3.14.5/Modules/CMakeCXXCompilerABI.cpp
Using built-in specs.
COLLECT_GCC=/usr/bin/c++
Target: x86_64-redhat-linux
Configured with: ../configure --prefix=/usr --mandir=/usr/share/man --infodir=/usr/share/info --with-bugurl=http://bugzilla.redhat.com/bugzilla --enable-bootstrap --enable-shared --enable-threads=posix --enable-checking=release --with-system-zlib --enable-__cxa_atexit --disable-libunwind-exceptions --enable-gnu-unique-object --enable-linker-build-id --with-linker-hash-style=gnu --enable-languages=c,c++,objc,obj-c++,java,fortran,ada,go,lto --enable-plugin --enable-initfini-array --disable-libgcj --with-isl=/builddir/build/BUILD/gcc-4.8.5-20150702/obj-x86_64-redhat-linux/isl-install --with-cloog=/builddir/build/BUILD/gcc-4.8.5-20150702/obj-x86_64-redhat-linux/cloog-install --enable-gnu-indirect-function --with-tune=generic --with-arch_32=x86-64 --build=x86_64-redhat-linux
Thread model: posix
gcc version 4.8.5 20150623 (Red Hat 4.8.5-44) (GCC) 
COLLECT_GCC_OPTIONS='-v' '-o' 'CMakeFiles/cmTC_244dc.dir/CMakeCXXCompilerABI.cpp.o' '-c' '-shared-libgcc' '-mtune=generic' '-march=x86-64'
 /usr/libexec/gcc/x86_64-redhat-linux/4.8.5/cc1plus -quiet -v -D_GNU_SOURCE /opt/cmake/cmake-3.14.5/Modules/CMakeCXXCompilerABI.cpp -quiet -dumpbase CMakeCXXCompilerABI.cpp -mtune=generic -march=x86-64 -auxbase-strip CMakeFiles/cmTC_244dc.dir/CMakeCXXCompilerABI.cpp.o -version -o /tmp/ccGq3gSD.s
GNU C++ (GCC) version 4.8.5 20150623 (Red Hat 4.8.5-44) (x86_64-redhat-linux)
	compiled by GNU C version 4.8.5 20150623 (Red Hat 4.8.5-44), GMP version 6.0.0, MPFR version 3.1.1, MPC version 1.0.1
GGC heuristics: --param ggc-min-expand=100 --param ggc-min-heapsize=131072
ignoring nonexistent directory "/usr/lib/gcc/x86_64-redhat-linux/4.8.5/include-fixed"
ignoring nonexistent directory "/usr/lib/gcc/x86_64-redhat-linux/4.8.5/../../../../x86_64-redhat-linux/include"
#include "..." search starts here:
#include <...> search starts here:
 /usr/lib/gcc/x86_64-redhat-linux/4.8.5/../../../../include/c++/4.8.5
 /usr/lib/gcc/x86_64-redhat-linux/4.8.5/../../../../include/c++/4.8.5/x86_64-redhat-linux
 /usr/lib/gcc/x86_64-redhat-linux/4.8.5/../../../../include/c++/4.8.5/backward
 /usr/lib/gcc/x86_64-redhat-linux/4.8.5/include
 /usr/local/include
 /usr/include
End of search list.
GNU C++ (GCC) version 4.8.5 20150623 (Red Hat 4.8.5-44) (x86_64-redhat-linux)
	compiled by GNU C version 4.8.5 20150623 (Red Hat 4.8.5-44), GMP version 6.0.0, MPFR version 3.1.1, MPC version 1.0.1
GGC heuristics: --param ggc-min-expand=100 --param ggc-min-heapsize=131072
Compiler executable checksum: 51b2dcccf6085e5bfbbf3932e5685252
COLLECT_GCC_OPTIONS='-v' '-o' 'CMakeFiles/cmTC_244dc.dir/CMakeCXXCompilerABI.cpp.o' '-c' '-shared-libgcc' '-mtune=generic' '-march=x86-64'
 as -v --64 -o CMakeFiles/cmTC_244dc.dir/CMakeCXXCompilerABI.cpp.o /tmp/ccGq3gSD.s
GNU assembler version 2.27 (x86_64-redhat-linux) using BFD version version 2.27-44.base.el7_9.1
COMPILER_PATH=/usr/libexec/gcc/x86_64-redhat-linux/4.8.5/:/usr/libexec/gcc/x86_64-redhat-linux/4.8.5/:/usr/libexec/gcc/x86_64-redhat-linux/:/usr/lib/gcc/x86_64-redhat-linux/4.8.5/:/usr/lib/gcc/x86_64-redhat-linux/
LIBRARY_PATH=/usr/lib/gcc/x86_64-redhat-linux/4.8.5/:/usr/lib/gcc/x86_64-redhat-linux/4.8.5/../../../../lib64/:/lib/../lib64/:/usr/lib/../lib64/:/usr/lib/gcc/x86_64-redhat-linux/4.8.5/../../../:/lib/:/usr/lib/
COLLECT_GCC_OPTIONS='-v' '-o' 'CMakeFiles/cmTC_244dc.dir/CMakeCXXCompilerABI.cpp.o' '-c' '-shared-libgcc' '-mtune=generic' '-march=x86-64'
Linking CXX executable cmTC_244dc
/opt/cmake/cmake-3.14.5/bin/cmake -E cmake_link_script CMakeFiles/cmTC_244dc.dir/link.txt --verbose=1
/usr/bin/c++      -v -rdynamic CMakeFiles/cmTC_244dc.dir/CMakeCXXCompilerABI.cpp.o  -o cmTC_244dc 
Using built-in specs.
COLLECT_GCC=/usr/bin/c++
COLLECT_LTO_WRAPPER=/usr/libexec/gcc/x86_64-redhat-linux/4.8.5/lto-wrapper
Target: x86_64-redhat-linux
Configured with: ../configure --prefix=/usr --mandir=/usr/share/man --infodir=/usr/share/info --with-bugurl=http://bugzilla.redhat.com/bugzilla --enable-bootstrap --enable-shared --enable-threads=posix --enable-checking=release --with-system-zlib --enable-__cxa_atexit --disable-libunwind-exceptions --enable-gnu-unique-object --enable-linker-build-id --with-linker-hash-style=gnu --enable-languages=c,c++,objc,obj-c++,java,fortran,ada,go,lto --enable-plugin --enable-initfini-array --disable-libgcj --with-isl=/builddir/build/BUILD/gcc-4.8.5-20150702/obj-x86_64-redhat-linux/isl-install --with-cloog=/builddir/build/BUILD/gcc-4.8.5-20150702/obj-x86_64-redhat-linux/cloog-install --enable-gnu-indirect-function --with-tune=generic --with-arch_32=x86-64 --build=x86_64-redhat-linux
Thread model: posix
gcc version 4.8.5 20150623 (Red Hat 4.8.5-44) (GCC) 
COMPILER_PATH=/usr/libexec/gcc/x86_64-redhat-linux/4.8.5/:/usr/libexec/gcc/x86_64-redhat-linux/4.8.5/:/usr/libexec/gcc/x86_64-redhat-linux/:/usr/lib/gcc/x86_64-redhat-linux/4.8.5/:/usr/lib/gcc/x86_64-redhat-linux/
LIBRARY_PATH=/usr/lib/gcc/x86_64-redhat-linux/4.8.5/:/usr/lib/gcc/x86_64-redhat-linux/4.8.5/../../../../lib64/:/lib/../lib64/:/usr/lib/../lib64/:/usr/lib/gcc/x86_64-redhat-linux/4.8.5/../../../:/lib/:/usr/lib/
COLLECT_GCC_OPTIONS='-v' '-rdynamic' '-o' 'cmTC_244dc' '-shared-libgcc' '-mtune=generic' '-march=x86-64'
 /usr/libexec/gcc/x86_64-redhat-linux/4.8.5/collect2 --build-id --no-add-needed --eh-frame-hdr --hash-style=gnu -m elf_x86_64 -export-dynamic -dynamic-linker /lib64/ld-linux-x86-64.so.2 -o cmTC_244dc /usr/lib/gcc/x86_64-redhat-linux/4.8.5/../../../../lib64/crt1.o /usr/lib/gcc/x86_64-redhat-linux/4.8.5/../../../../lib64/crti.o /usr/lib/gcc/x86_64-redhat-linux/4.8.5/crtbegin.o -L/usr/lib/gcc/x86_64-redhat-linux/4.8.5 -L/usr/lib/gcc/x86_64-redhat-linux/4.8.5/../../../../lib64 -L/lib/../lib64 -L/usr/lib/../lib64 -L/usr/lib/gcc/x86_64-redhat-linux/4.8.5/../../.. CMakeFiles/cmTC_244dc.dir/CMakeCXXCompilerABI.cpp.o -lstdc++ -lm -lgcc_s -lgcc -lc -lgcc_s -lgcc /usr/lib/gcc/x86_64-redhat-linux/4.8.5/crtend.o /usr/lib/gcc/x86_64-redhat-linux/4.8.5/../../../../lib64/crtn.o
gmake[1]: Leaving directory `/home/jushan/桌面/ChatRoom/build/CMakeFiles/CMakeTmp'


Parsed CXX implicit include dir info from above output: rv=done
  found start of include info
  found start of implicit include info
    add: [/usr/lib/gcc/x86_64-redhat-linux/4.8.5/../../../../include/c++/4.8.5]
    add: [/usr/lib/gcc/x86_64-redhat-linux/4.8.5/../../../../include/c++/4.8.5/x86_64-redhat-linux]
    add: [/usr/lib/gcc/x86_64-redhat-linux/4.8.5/../../../../include/c++/4.8.5/backward]
    add: [/usr/lib/gcc/x86_64-redhat-linux/4.8.5/include]
    add: [/usr/local/include]
    add: [/usr/include]
  end of search list found
  collapse include dir [/usr/lib/gcc/x86_64-redhat-linux/4.8.5/../../../../include/c++/4.8.5] ==> [/usr/include/c++/4.8.5]
  collapse include dir [/usr/lib/gcc/x86_64-redhat-linux/4.8.5/../../../../include/c++/4.8.5/x86_64-redhat-linux] ==> [/usr/include/c++/4.8.5/x86_64-redhat-linux]
  collapse include dir [/usr/lib/gcc/x86_64-redhat-linux/4.8.5/../../../../include/c++/4.8.5/backward] ==> [/usr/include/c++/4.8.5/backward]
  collapse include dir [/usr/lib/gcc/x86_64-redhat-linux/4.8.5/include] ==> [/usr/lib/gcc/x86_64-redhat-linux/4.8.5/include]
  collapse include dir [/usr/local/include] ==> [/usr/local/include]
  collapse include dir [/usr/include] ==> [/usr/include]
  implicit include dirs: [/usr/include/c++/4.8.5;/usr/include/c++/4.8.5/x86_64-redhat-linux;/usr/include/c++/4.8.5/backward;/usr/lib/gcc/x86_64-redhat-linux/4.8.5/include;/usr/local/include;/usr/include]


Parsed CXX implicit link information from above output:
  link line regex: [^( *|.*[/\])(ld|CMAKE_LINK_STARTFILE-NOTFOUND|([^/\]+-)?ld|collect2)[^/\]*( |$)]
  ignore line: [Change Dir: /home/jushan/桌面/ChatRoom/build/CMakeFiles/CMakeTmp]
  ignore line: []
  ignore line: [Run Build Command(s):/usr/bin/gmake cmTC_244dc/fast ]
  ignore line: [/usr/bin/gmake -f CMakeFiles/cmTC_244dc.dir/build.make CMakeFiles/cmTC_244dc.dir/build]
  ignore line: [gmake[1]: Entering directory `/home/jushan/桌面/ChatRoom/build/CMakeFiles/CMakeTmp']
  ignore line: [Building CXX object CMakeFiles/cmTC_244dc.dir/CMakeCXXCompilerABI.cpp.o]
  ignore line: [/usr/bin/c++    -v -o CMakeFiles/cmTC_244dc.dir/CMakeCXXCompilerABI.cpp.o -c /opt/cmake/cmake-3.14.5/Modules/CMakeCXXCompilerABI.cpp]
  ignore line: [Using built-in specs.]
  ignore line: [COLLECT_GCC=/usr/bin/c++]
  ignore line: [Target: x86_64-redhat-linux]
  ignore line: [Configured with: ../configure --prefix=/usr --mandir=/usr/share/man --infodir=/usr/share/info --with-bugurl=http://bugzilla.redhat.com/bugzilla --enable-bootstrap --enable-shared --enable-threads=posix --enable-checking=release --with-system-zlib --enable-__cxa_atexit --disable-libunwind-exceptions --enable-gnu-unique-object --enable-linker-build-id --with-linker-hash-style=gnu --enable-languages=c,c++,objc,obj-c++,java,fortran,ada,go,lto --enable-plugin --enable-initfini-array --disable-libgcj --with-isl=/builddir/build/BUILD/gcc-4.8.5-20150702/obj-x86_64-redhat-linux/isl-install --with-cloog=/builddir/build/BUILD/gcc-4.8.5-20150702/obj-x86_64-redhat-linux/cloog-install --enable-gnu-indirect-function --with-tune=generic --with-arch_32=x86-64 --build=x86_64-redhat-linux]
  ignore line: [Thread model: posix]
  ignore line: [gcc version 4.8.5 20150623 (Red Hat 4.8.5-44) (GCC) ]
  ignore line: [COLLECT_GCC_OPTIONS='-v' '-o' 'CMakeFiles/cmTC_244dc.dir/CMakeCXXCompilerABI.cpp.o' '-c' '-shared-libgcc' '-mtune=generic' '-march=x86-64']
  ignore line: [ /usr/libexec/gcc/x86_64-redhat-linux/4.8.5/cc1plus -quiet -v -D_GNU_SOURCE /opt/cmake/cmake-3.14.5/Modules/CMakeCXXCompilerABI.cpp -quiet -dumpbase CMakeCXXCompilerABI.cpp -mtune=generic -march=x86-64 -auxbase-strip CMakeFiles/cmTC_244dc.dir/CMakeCXXCompilerABI.cpp.o -version -o /tmp/ccGq3gSD.s]
  ignore line: [GNU C++ (GCC) version 4.8.5 20150623 (Red Hat 4.8.5-44) (x86_64-redhat-linux)]
  ignore line: [	compiled by GNU C version 4.8.5 20150623 (Red Hat 4.8.5-44), GMP version 6.0.0, MPFR version 3.1.1, MPC version 1.0.1]
  ignore line: [GGC heuristics: --param ggc-min-expand=100 --param ggc-min-heapsize=131072]
  ignore line: [ignoring nonexistent directory "/usr/lib/gcc/x86_64-redhat-linux/4.8.5/include-fixed"]
  ignore line: [ignoring nonexistent directory "/usr/lib/gcc/x86_64-redhat-linux/4.8.5/../../../../x86_64-redhat-linux/include"]
  ignore line: [#include "..." search starts here:]
  ignore line: [#include <...> search starts here:]
  ignore line: [ /usr/lib/gcc/x86_64-redhat-linux/4.8.5/../../../../include/c++/4.8.5]
  ignore line: [ /usr/lib/gcc/x86_64-redhat-linux/4.8.5/../../../../include/c++/4.8.5/x86_64-redhat-linux]
  ignore line: [ /usr/lib/gcc/x86_64-redhat-linux/4.8.5/../../../../include/c++/4.8.5/backward]
  ignore line: [ /usr/lib/gcc/x86_64-redhat-linux/4.8.5/include]
  ignore line: [ /usr/local/include]
  ignore line: [ /usr/include]
  ignore line: [End of search list.]
  ignore line: [GNU C++ (GCC) version 4.8.5 20150623 (Red Hat 4.8.5-44) (x86_64-redhat-linux)]
  ignore line: [	compiled by GNU C version 4.8.5 20150623 (Red Hat 4.8.5-44), GMP version 6.0.0, MPFR version 3.1.1, MPC version 1.0.1]
  ignore line: [GGC heuristics: --param ggc-min-expand=100 --param ggc-min-heapsize=131072]
  ignore line: [Compiler executable checksum: 51b2dcccf6085e5bfbbf3932e5685252]
  ignore line: [COLLECT_GCC_OPTIONS='-v' '-o' 'CMakeFiles/cmTC_244dc.dir/CMakeCXXCompilerABI.cpp.o' '-c' '-shared-libgcc' '-mtune=generic' '-march=x86-64']
  ignore line: [ as -v --64 -o CMakeFiles/cmTC_244dc.dir/CMakeCXXCompilerABI.cpp.o /tmp/ccGq3gSD.s]
  ignore line: [GNU assembler version 2.27 (x86_64-redhat-linux) using BFD version version 2.27-44.base.el7_9.1]
  ignore line: [COMPILER_PATH=/usr/libexec/gcc/x86_64-redhat-linux/4.8.5/:/usr/libexec/gcc/x86_64-redhat-linux/4.8.5/:/usr/libexec/gcc/x86_64-redhat-linux/:/usr/lib/gcc/x86_64-redhat-linux/4.8.5/:/usr/lib/gcc/x86_64-redhat-linux/]
  ignore line: [LIBRARY_PATH=/usr/lib/gcc/x86_64-redhat-linux/4.8.5/:/usr/lib/gcc/x86_64-redhat-linux/4.8.5/../../../../lib64/:/lib/../lib64/:/usr/lib/../lib64/:/usr/lib/gcc/x86_64-redhat-linux/4.8.5/../../../:/lib/:/usr/lib/]
  ignore line: [COLLECT_GCC_OPTIONS='-v' '-o' 'CMakeFiles/cmTC_244dc.dir/CMakeCXXCompilerABI.cpp.o' '-c' '-shared-libgcc' '-mtune=generic' '-march=x86-64']
  ignore line: [Linking CXX executable cmTC_244dc]
  ignore line: [/opt/cmake/cmake-3.14.5/bin/cmake -E cmake_link_script CMakeFiles/cmTC_244dc.dir/link.txt --verbose=1]
  ignore line: [/usr/bin/c++      -v -rdynamic CMakeFiles/cmTC_244dc.dir/CMakeCXXCompilerABI.cpp.o  -o cmTC_244dc ]
  ignore line: [Using built-in specs.]
  ignore line: [COLLECT_GCC=/usr/bin/c++]
  ignore line: [COLLECT_LTO_WRAPPER=/usr/libexec/gcc/x86_64-redhat-linux/4.8.5/lto-wrapper]
  ignore line: [Target: x86_64-redhat-linux]
  ignore line: [Configured with: ../configure --prefix=/usr --mandir=/usr/share/man --infodir=/usr/share/info --with-bugurl=http://bugzilla.redhat.com/bugzilla --enable-bootstrap --enable-shared --enable-threads=posix --enable-checking=release --with-system-zlib --enable-__cxa_atexit --disable-libunwind-exceptions --enable-gnu-unique-object --enable-linker-build-id --with-linker-hash-style=gnu --enable-languages=c,c++,objc,obj-c++,java,fortran,ada,go,lto --enable-plugin --enable-initfini-array --disable-libgcj --with-isl=/builddir/build/BUILD/gcc-4.8.5-20150702/obj-x86_64-redhat-linux/isl-install --with-cloog=/builddir/build/BUILD/gcc-4.8.5-20150702/obj-x86_64-redhat-linux/cloog-install --enable-gnu-indirect-function --with-tune=generic --with-arch_32=x86-64 --build=x86_64-redhat-linux]
  ignore line: [Thread model: posix]
  ignore line: [gcc version 4.8.5 20150623 (Red Hat 4.8.5-44) (GCC) ]
  ignore line: [COMPILER_PATH=/usr/libexec/gcc/x86_64-redhat-linux/4.8.5/:/usr/libexec/gcc/x86_64-redhat-linux/4.8.5/:/usr/libexec/gcc/x86_64-redhat-linux/:/usr/lib/gcc/x86_64-redhat-linux/4.8.5/:/usr/lib/gcc/x86_64-redhat-linux/]
  ignore line: [LIBRARY_PATH=/usr/lib/gcc/x86_64-redhat-linux/4.8.5/:/usr/lib/gcc/x86_64-redhat-linux/4.8.5/../../../../lib64/:/lib/../lib64/:/usr/lib/../lib64/:/usr/lib/gcc/x86_64-redhat-linux/4.8.5/../../../:/lib/:/usr/lib/]
  ignore line: [COLLECT_GCC_OPTIONS='-v' '-rdynamic' '-o' 'cmTC_244dc' '-shared-libgcc' '-mtune=generic' '-march=x86-64']
  link line: [ /usr/libexec/gcc/x86_64-redhat-linux/4.8.5/collect2 --build-id --no-add-needed --eh-frame-hdr --hash-style=gnu -m elf_x86_64 -export-dynamic -dynamic-linker /lib64/ld-linux-x86-64.so.2 -o cmTC_244dc /usr/lib/gcc/x86_64-redhat-linux/4.8.5/../../../../lib64/crt1.o /usr/lib/gcc/x86_64-redhat-linux/4.8.5/../../../../lib64/crti.o /usr/lib/gcc/x86_64-redhat-linux/4.8.5/crtbegin.o -L/usr/lib/gcc/x86_64-redhat-linux/4.8.5 -L/usr/lib/gcc/x86_64-redhat-linux/4.8.5/../../../../lib64 -L/lib/../lib64 -L/usr/lib/../lib64 -L/usr/lib/gcc/x86_64-redhat-linux/4.8.5/../../.. CMakeFiles/cmTC_244dc.dir/CMakeCXXCompilerABI.cpp.o -lstdc++ -lm -lgcc_s -lgcc -lc -lgcc_s -lgcc /usr/lib/gcc/x86_64-redhat-linux/4.8.5/crtend.o /usr/lib/gcc/x86_64-redhat-linux/4.8.5/../../../../lib64/crtn.o]
    arg [/usr/libexec/gcc/x86_64-redhat-linux/4.8.5/collect2] ==> ignore
    arg [--build-id] ==> ignore
    arg [--no-add-needed] ==> ignore
    arg [--eh-frame-hdr] ==> ignore
    arg [--hash-style=gnu] ==> ignore
    arg [-m] ==> ignore
    arg [elf_x86_64] ==> ignore
    arg [-export-dynamic] ==> ignore
    arg [-dynamic-linker] ==> ignore
    arg [/lib64/ld-linux-x86-64.so.2] ==> ignore
    arg [-o] ==> ignore
    arg [cmTC_244dc] ==> ignore
    arg [/usr/lib/gcc/x86_64-redhat-linux/4.8.5/../../../../lib64/crt1.o] ==> ignore
    arg [/usr/lib/gcc/x86_64-redhat-linux/4.8.5/../../../../lib64/crti.o] ==> ignore
    arg [/usr/lib/gcc/x86_64-redhat-linux/4.8.5/crtbegin.o] ==> ignore
    arg [-L/usr/lib/gcc/x86_64-redhat-linux/4.8.5] ==> dir [/usr/lib/gcc/x86_64-redhat-linux/4.8.5]
    arg [-L/usr/lib/gcc/x86_64-redhat-linux/4.8.5/../../../../lib64] ==> dir [/usr/lib/gcc/x86_64-redhat-linux/4.8.5/../../../../lib64]
    arg [-L/lib/../lib64] ==> dir [/lib/../lib64]
    arg [-L/usr/lib/../lib64] ==> dir [/usr/lib/../lib64]
    arg [-L/usr/lib/gcc/x86_64-redhat-linux/4.8.5/../../..] ==> dir [/usr/lib/gcc/x86_64-redhat-linux/4.8.5/../../..]
    arg [CMakeFiles/cmTC_244dc.dir/CMakeCXXCompilerABI.cpp.o] ==> ignore
    arg [-lstdc++] ==> lib [stdc++]
    arg [-lm] ==> lib [m]
    arg [-lgcc_s] ==> lib [gcc_s]
    arg [-lgcc] ==> lib [gcc]
    arg [-lc] ==> lib [c]
    arg [-lgcc_s] ==> lib [gcc_s]
    arg [-lgcc] ==> lib [gcc]
    arg [/usr/lib/gcc/x86_64-redhat-linux/4.8.5/crtend.o] ==> ignore
    arg [/usr/lib/gcc/x86_64-redhat-linux/4.8.5/../../../../lib64/crtn.o] ==> ignore
  collapse library dir [/usr/lib/gcc/x86_64-redhat-linux/4.8.5] ==> [/usr/lib/gcc/x86_64-redhat-linux/4.8.5]
  collapse library dir [/usr/lib/gcc/x86_64-redhat-linux/4.8.5/../../../../lib64] ==> [/usr/lib64]
  collapse library dir [/lib/../lib64] ==> [/lib64]
  collapse library dir [/usr/lib/../lib64] ==> [/usr/lib64]
  collapse library dir [/usr/lib/gcc/x86_64-redhat-linux/4.8.5/../../..] ==> [/usr/lib]
  implicit libs: [stdc++;m;gcc_s;gcc;c;gcc_s;gcc]
  implicit dirs: [/usr/lib/gcc/x86_64-redhat-linux/4.8.5;/usr/lib64;/lib64;/usr/lib]
  implicit fwks: []




Detecting CXX [-std=c++1y] compiler features compiled with the following output:
Change Dir: /home/jushan/桌面/ChatRoom/build/CMakeFiles/CMakeTmp

Run Build Command(s):/usr/bin/gmake cmTC_edad9/fast 
/usr/bin/gmake -f CMakeFiles/cmTC_edad9.dir/build.make CMakeFiles/cmTC_edad9.dir/build
gmake[1]: 进入目录“/home/jushan/桌面/ChatRoom/build/CMakeFiles/CMakeTmp”
Building CXX object CMakeFiles/cmTC_edad9.dir/feature_tests.cxx.o
/usr/bin/c++    -std=c++1y -o CMakeFiles/cmTC_edad9.dir/feature_tests.cxx.o -c /home/jushan/桌面/ChatRoom/build/CMakeFiles/feature_tests.cxx
Linking CXX executable cmTC_edad9
/opt/cmake/cmake-3.14.5/bin/cmake -E cmake_link_script CMakeFiles/cmTC_edad9.dir/link.txt --verbose=1
/usr/bin/c++       -rdynamic CMakeFiles/cmTC_edad9.dir/feature_tests.cxx.o  -o cmTC_edad9 
gmake[1]: 离开目录“/home/jushan/桌面/ChatRoom/build/CMakeFiles/CMakeTmp”


    Feature record: CXX_FEATURE:0cxx_aggregate_default_initializers
    Feature record: CXX_FEATURE:1cxx_alias_templates
    Feature record: CXX_FEATURE:1cxx_alignas
    Feature record: CXX_FEATURE:1cxx_alignof
    Feature record: CXX_FEATURE:1cxx_attributes
    Feature record: CXX_FEATURE:0cxx_attribute_deprecated
    Feature record: CXX_FEATURE:1cxx_auto_type
    Feature record: CXX_FEATURE:0cxx_binary_literals
    Feature record: CXX_FEATURE:1cxx_constexpr
    Feature record: CXX_FEATURE:0cxx_contextual_conversions
    Feature record: CXX_FEATURE:1cxx_decltype
    Feature record: CXX_FEATURE:0cxx_decltype_auto
    Feature record: CXX_FEATURE:1cxx_decltype_incomplete_return_types
    Feature record: CXX_FEATURE:1cxx_default_function_template_args
    Feature record: CXX_FEATURE:1cxx_defaulted_functions
    Feature record: CXX_FEATURE:1cxx_defaulted_move_initializers
    Feature record: CXX_FEATURE:1cxx_delegating_constructors
    Feature record: CXX_FEATURE:1cxx_deleted_functions
    Feature record: CXX_FEATURE:0cxx_digit_separators
    Feature record: CXX_FEATURE:1cxx_enum_forward_declarations
    Feature record: CXX_FEATURE:1cxx_explicit_conversions
    Feature record: CXX_FEATURE:1cxx_extended_friend_declarations
    Feature record: CXX_FEATURE:1cxx_extern_templates
    Feature record: CXX_FEATURE:1cxx_final
    Feature record: CXX_FEATURE:1cxx_func_identifier
    Feature record: CXX_FEATURE:1cxx_generalized_initializers
    Feature record: CXX_FEATURE:0cxx_generic_lambdas
    Feature record: CXX_FEATURE:1cxx_inheriting_constructors
    Feature record: CXX_FEATURE:1cxx_inline_namespaces
    Feature record: CXX_FEATURE:1cxx_lambdas
    Feature record: CXX_FEATURE:0cxx_lambda_init_captures
    Feature record: CXX_FEATURE:1cxx_local_type_template_args
    Feature record: CXX_FEATURE:1cxx_long_long_type
    Feature record: CXX_FEATURE:1cxx_noexcept
    Feature record: CXX_FEATURE:1cxx_nonstatic_member_init
    Feature record: CXX_FEATURE:1cxx_nullptr
    Feature record: CXX_FEATURE:1cxx_override
    Feature record: CXX_FEATURE:1cxx_range_for
    Feature record: CXX_FEATURE:1cxx_raw_string_literals
    Feature record: CXX_FEATURE:1cxx_reference_qualified_functions
    Feature record: CXX_FEATURE:0cxx_relaxed_constexpr
    Feature record: CXX_FEATURE:0cxx_return_type_deduction
    Feature record: CXX_FEATURE:1cxx_right_angle_brackets
    Feature record: CXX_FEATURE:1cxx_rvalue_references
    Feature record: CXX_FEATURE:1cxx_sizeof_member
    Feature record: CXX_FEATURE:1cxx_static_assert
    Feature record: CXX_FEATURE:1cxx_strong_enums
    Feature record: CXX_FEATURE:1cxx_template_template_parameters
    Feature record: CXX_FEATURE:1cxx_thread_local
    Feature record: CXX_FEATURE:1cxx_trailing_return_types
    Feature record: CXX_FEATURE:1cxx_unicode_literals
    Feature record: CXX_FEATURE:1cxx_uniform_initialization
    Feature record: CXX_FEATURE:1cxx_unrestricted_unions
    Feature record: CXX_FEATURE:1cxx_user_literals
    Feature record: CXX_FEATURE:0cxx_variable_templates
    Feature record: CXX_FEATURE:1cxx_variadic_macros
    Feature record: CXX_FEATURE:1cxx_variadic_templates


Detecting CXX [-std=c++11] compiler features compiled with the following output:
Change Dir: /home/jushan/桌面/ChatRoom/build/CMakeFiles/CMakeTmp

Run Build Command(s):/usr/bin/gmake cmTC_9cd0e/fast 
/usr/bin/gmake -f CMakeFiles/cmTC_9cd0e.dir/build.make CMakeFiles/cmTC_9cd0e.dir/build
gmake[1]: 进入目录“/home/jushan/桌面/ChatRoom/build/CMakeFiles/CMakeTmp”
Building CXX object CMakeFiles/cmTC_9cd0e.dir/feature_tests.cxx.o
/usr/bin/c++    -std=c++11 -o CMakeFiles/cmTC_9cd0e.dir/feature_tests.cxx.o -c /home/jushan/桌面/ChatRoom/build/CMakeFiles/feature_tests.cxx
Linking CXX executable cmTC_9cd0e
/opt/cmake/cmake-3.14.5/bin/cmake -E cmake_link_script CMakeFiles/cmTC_9cd0e.dir/link.txt --verbose=1
/usr/bin/c++       -rdynamic CMakeFiles/cmTC_9cd0e.dir/feature_tests.cxx.o  -o cmTC_9cd0e 
gmake[1]: 离开目录“/home/jushan/桌面/ChatRoom/build/CMakeFiles/CMakeTmp”


    Feature record: CXX_FEATURE:0cxx_aggregate_default_initializers
    Feature record: CXX_FEATURE:1cxx_alias_templates
    Feature record: CXX_FEATURE:1cxx_alignas
    Feature record: CXX_FEATURE:1cxx_alignof
    Feature record: CXX_FEATURE:1cxx_attributes
    Feature record: CXX_FEATURE:0cxx_attribute_deprecated
    Feature record: CXX_FEATURE:1cxx_auto_type
    Feature record: CXX_FEATURE:0cxx_binary_literals
    Feature record: CXX_FEATURE:1cxx_constexpr
    Feature record: CXX_FEATURE:0cxx_contextual_conversions
    Feature record: CXX_FEATURE:1cxx_decltype
    Feature record: CXX_FEATURE:0cxx_decltype_auto
    Feature record: CXX_FEATURE:1cxx_decltype_incomplete_return_types
    Feature record: CXX_FEATURE:1cxx_default_function_template_args
    Feature record: CXX_FEATURE:1cxx_defaulted_functions
    Feature record: CXX_FEATURE:1cxx_defaulted_move_initializers
    Feature record: CXX_FEATURE:1cxx_delegating_constructors
    Feature record: CXX_FEATURE:1cxx_deleted_functions
    Feature record: CXX_FEATURE:0cxx_digit_separators
    Feature record: CXX_FEATURE:1cxx_enum_forward_declarations
    Feature record: CXX_FEATURE:1cxx_explicit_conversions
    Feature record: CXX_FEATURE:1cxx_extended_friend_declarations
    Feature record: CXX_FEATURE:1cxx_extern_templates
    Feature record: CXX_FEATURE:1cxx_final
    Feature record: CXX_FEATURE:1cxx_func_identifier
    Feature record: CXX_FEATURE:1cxx_generalized_initializers
    Feature record: CXX_FEATURE:0cxx_generic_lambdas
    Feature record: CXX_FEATURE:1cxx_inheriting_constructors
    Feature record: CXX_FEATURE:1cxx_inline_namespaces
    Feature record: CXX_FEATURE:1cxx_lambdas
    Feature record: CXX_FEATURE:0cxx_lambda_init_captures
    Feature record: CXX_FEATURE:1cxx_local_type_template_args
    Feature record: CXX_FEATURE:1cxx_long_long_type
    Feature record: CXX_FEATURE:1cxx_noexcept
    Feature record: CXX_FEATURE:1cxx_nonstatic_member_init
    Feature record: CXX_FEATURE:1cxx_nullptr
    Feature record: CXX_FEATURE:1cxx_override
    Feature record: CXX_FEATURE:1cxx_range_for
    Feature record: CXX_FEATURE:1cxx_raw_string_literals
    Feature record: CXX_FEATURE:1cxx_reference_qualified_functions
    Feature record: CXX_FEATURE:0cxx_relaxed_constexpr
    Feature record: CXX_FEATURE:0cxx_return_type_deduction
    Feature record: CXX_FEATURE:1cxx_right_angle_brackets
    Feature record: CXX_FEATURE:1cxx_rvalue_references
    Feature record: CXX_FEATURE:1cxx_sizeof_member
    Feature record: CXX_FEATURE:1cxx_static_assert
    Feature record: CXX_FEATURE:1cxx_strong_enums
    Feature record: CXX_FEATURE:1cxx_template_template_parameters
    Feature record: CXX_FEATURE:1cxx_thread_local
    Feature record: CXX_FEATURE:1cxx_trailing_return_types
    Feature record: CXX_FEATURE:1cxx_unicode_literals
    Feature record: CXX_FEATURE:1cxx_uniform_initialization
    Feature record: CXX_FEATURE:1cxx_unrestricted_unions
    Feature record: CXX_FEATURE:1cxx_user_literals
    Feature record: CXX_FEATURE:0cxx_variable_templates
    Feature record: CXX_FEATURE:1cxx_variadic_macros
    Feature record: CXX_FEATURE:1cxx_variadic_templates


Detecting CXX [-std=c++98] compiler features compiled with the following output:
Change Dir: /home/jushan/桌面/ChatRoom/build/CMakeFiles/CMakeTmp

Run Build Command(s):/usr/bin/gmake cmTC_ae633/fast 
/usr/bin/gmake -f CMakeFiles/cmTC_ae633.dir/build.make CMakeFiles/cmTC_ae633.dir/build
gmake[1]: 进入目录“/home/jushan/桌面/ChatRoom/build/CMakeFiles/CMakeTmp”
Building CXX object CMakeFiles/cmTC_ae633.dir/feature_tests.cxx.o
/usr/bin/c++    -std=c++98 -o CMakeFiles/cmTC_ae633.dir/feature_tests.cxx.o -c /home/jushan/桌面/ChatRoom/build/CMakeFiles/feature_tests.cxx
Linking CXX executable cmTC_ae633
/opt/cmake/cmake-3.14.5/bin/cmake -E cmake_link_script CMakeFiles/cmTC_ae633.dir/link.txt --verbose=1
/usr/bin/c++       -rdynamic CMakeFiles/cmTC_ae633.dir/feature_tests.cxx.o  -o cmTC_ae633 
gmake[1]: 离开目录“/home/jushan/桌面/ChatRoom/build/CMakeFiles/CMakeTmp”


    Feature record: CXX_FEATURE:0cxx_aggregate_default_initializers
    Feature record: CXX_FEATURE:0cxx_alias_templates
    Feature record: CXX_FEATURE:0cxx_alignas
    Feature record: CXX_FEATURE:0cxx_alignof
    Feature record: CXX_FEATURE:0cxx_attributes
    Feature record: CXX_FEATURE:0cxx_attribute_deprecated
    Feature record: CXX_FEATURE:0cxx_auto_type
    Feature record: CXX_FEATURE:0cxx_binary_literals
    Feature record: CXX_FEATURE:0cxx_constexpr
    Feature record: CXX_FEATURE:0cxx_contextual_conversions
    Feature record: CXX_FEATURE:0cxx_decltype
    Feature record: CXX_FEATURE:0cxx_decltype_auto
    Feature record: CXX_FEATURE:0cxx_decltype_incomplete_return_types
    Feature record: CXX_FEATURE:0cxx_default_function_template_args
    Feature record: CXX_FEATURE:0cxx_defaulted_functions
    Feature record: CXX_FEATURE:0cxx_defaulted_move_initializers
    Feature record: CXX_FEATURE:0cxx_delegating_constructors
    Feature record: CXX_FEATURE:0cxx_deleted_functions
    Feature record: CXX_FEATURE:0cxx_digit_separators
    Feature record: CXX_FEATURE:0cxx_enum_forward_declarations
    Feature record: CXX_FEATURE:0cxx_explicit_conversions
    Feature record: CXX_FEATURE:0cxx_extended_friend_declarations
    Feature record: CXX_FEATURE:0cxx_extern_templates
    Feature record: CXX_FEATURE:0cxx_final
    Feature record: CXX_FEATURE:0cxx_func_identifier
    Feature record: CXX_FEATURE:0cxx_generalized_initializers
    Feature record: CXX_FEATURE:0cxx_generic_lambdas
    Feature record: CXX_FEATURE:0cxx_inheriting_constructors
    Feature record: CXX_FEATURE:0cxx_inline_namespaces
    Feature record: CXX_FEATURE:0cxx_lambdas
    Feature record: CXX_FEATURE:0cxx_lambda_init_captures
    Feature record: CXX_FEATURE:0cxx_local_type_template_args
    Feature record: CXX_FEATURE:0cxx_long_long_type
    Feature record: CXX_FEATURE:0cxx_noexcept
    Feature record: CXX_FEATURE:0cxx_nonstatic_member_init
    Feature record: CXX_FEATURE:0cxx_nullptr
    Feature record: CXX_FEATURE:0cxx_override
    Feature record: CXX_FEATURE:0cxx_range_for
    Feature record: CXX_FEATURE:0cxx_raw_string_literals
    Feature record: CXX_FEATURE:0cxx_reference_qualified_functions
    Feature record: CXX_FEATURE:0cxx_relaxed_constexpr
    Feature record: CXX_FEATURE:0cxx_return_type_deduction
    Feature record: CXX_FEATURE:0cxx_right_angle_brackets
    Feature record: CXX_FEATURE:0cxx_rvalue_references
    Feature record: CXX_FEATURE:0cxx_sizeof_member
    Feature record: CXX_FEATURE:0cxx_static_assert
    Feature record: CXX_FEATURE:0cxx_strong_enums
    Feature record: CXX_FEATURE:1cxx_template_template_parameters
    Feature record: CXX_FEATURE:0cxx_thread_local
    Feature record: CXX_FEATURE:0cxx_trailing_return_types
    Feature record: CXX_FEATURE:0cxx_unicode_literals
    Feature record: CXX_FEATURE:0cxx_uniform_initialization
    Feature record: CXX_FEATURE:0cxx_unrestricted_unions
    Feature record: CXX_FEATURE:0cxx_user_literals
    Feature record: CXX_FEATURE:0cxx_variable_templates
    Feature record: CXX_FEATURE:0cxx_variadic_macros
    Feature record: CXX_FEATURE:0cxx_variadic_templates
